1781585033 pass 0
1781585037 pass 166
1781585038 pass 0
1781585042 pass 152
1781585043 pass 0
1781585048 pass 147
1781585048 pass 0
1781585053 pass 160
1781585053 pass 0
1781585058 pass 163
1781585059 pass 0
1781585063 pass 178
1781585064 pass 0
1781585068 pass 170
1781585069 pass 0
1781585073 pass 151
1781585074 pass 0
1781585079 pass 164
1781585079 pass 0
1781585084 pass 159
1781585084 pass 0
1781585089 pass 156
1781585090 pass 0
1781585094 pass 163
1781585095 pass 0
1781585099 pass 162
1781585100 pass 0
1781585104 pass 153
1781585105 pass 0
1781585110 pass 157
1781585110 pass 0
1781585115 pass 165
1781585115 pass 0
1781585120 pass 159
1781585121 pass 0
1781585125 pass 158
1781585126 pass 0
1781585130 pass 154
1781585131 pass 0
1781585135 pass 163
1781585136 pass 0
1781585141 pass 166
1781585141 pass 0
1781585146 pass 167
1781585146 pass 0
1781585151 pass 147
1781585152 pass 0
1781585156 pass 152
1781585157 pass 0
1781585161 pass 174
1781585162 pass 0
1781585166 pass 162
1781585167 pass 0
1781585172 pass 162
1781585172 pass 0
1781585177 pass 146
1781585177 pass 0
1781585182 pass 162
1781585183 pass 0
1781585187 pass 156
1781585188 pass 0
1781585192 pass 165
1781585193 pass 0
1781585197 pass 166
1781585198 pass 0
1781585202 pass 168
1781585203 pass 0
1781585208 pass 161
1781585208 pass 0
1781585213 pass 154
1781585214 pass 0
1781585218 pass 156
1781585219 pass 0
1781585223 pass 162
1781585224 pass 0
1781585228 pass 162
1781585229 pass 0
1781585233 pass 146
1781585234 pass 0
1781585239 pass 146
1781585239 pass 0
1781585244 pass 145
1781585245 pass 0
1781585249 pass 160
1781585250 pass 0
1781585254 pass 170
1781585255 pass 0
1781585259 pass 151
1781585260 pass 0
1781585264 pass 147
1781585265 pass 0
1781585270 pass 147
1781585270 pass 0
1781585275 pass 151
1781585276 pass 0
1781585280 pass 158
1781585281 pass 0
1781585285 pass 157
1781585286 pass 0
1781585290 pass 146
1781585291 pass 0
1781585295 pass 157
1781585296 pass 0
1781585300 pass 146
1781585301 pass 0
1781585306 pass 166
1781585307 pass 0
1781585311 pass 159
1781585312 pass 0
1781585316 pass 158
1781585317 pass 0
1781585321 pass 154
1781585322 pass 0
1781585326 pass 159
1781585327 pass 0
1781585331 pass 147
1781585332 pass 0
1781585337 pass 161
1781585338 pass 0
1781585342 pass 166
1781585343 pass 0
1781585347 fail 000 2021
1781585348 fail 000000 0
1781585354 fail 000 2024
1781585355 fail 000000 0
1781585361 pass 165
1781585362 pass 0
1781585366 pass 154
1781585367 pass 0
1781585371 pass 161
1781585372 pass 0
1781585376 pass 160
1781585378 pass 0
1781585382 pass 149
1781585383 pass 0
1781585387 pass 164
1781585388 pass 0
1781585392 pass 164
1781585393 pass 0
1781585397 pass 150
1781585398 pass 0
1781585402 pass 147
1781585403 pass 0
1781585407 pass 162
1781585409 pass 0
1781585413 pass 148
1781585414 pass 0
1781585418 pass 162
1781585419 pass 0
1781585423 pass 164
1781585424 pass 0
1781585428 pass 171
1781585429 pass 0
1781585433 pass 147
1781585434 pass 0
1781585438 pass 155
1781585440 pass 0
1781585443 pass 165
1781585445 pass 0
1781585449 pass 149
1781585450 pass 0
1781585454 pass 145
1781585455 pass 0
1781585459 pass 146
1781585460 pass 0
1781585464 pass 166
1781585465 pass 0
1781585469 pass 157
1781585471 pass 0
1781585474 pass 144
1781585476 pass 0
1781585480 pass 172
1781585481 pass 0
1781585485 pass 374
1781585486 fail 000000 0
1781585490 pass 146
1781585493 pass 0
1781585495 fail 000 2021
1781585498 pass 0
1781585502 pass 167
1781585505 pass 0
1781585507 pass 156
1781585510 pass 0
1781585513 pass 152
1781585515 pass 0
1781585518 pass 156
1781585521 pass 0
1781585523 pass 168
1781585526 pass 0
1781585528 pass 154
1781585531 pass 0
1781585533 pass 156
1781585536 pass 0
1781585538 pass 153
1781585541 pass 0
1781585544 pass 145
1781585546 pass 0
1781585549 pass 146
1781585552 pass 0
1781585554 pass 160
1781585557 pass 0
1781585559 pass 147
1781585562 pass 0
1781585564 pass 146
1781585567 pass 0
1781585569 pass 155
1781585572 pass 0
1781585574 pass 160
1781585578 pass 0
1781585580 pass 149
1781585583 pass 0
1781585585 pass 156
1781585588 pass 0
1781585590 pass 165
1781585593 pass 0
1781585595 pass 165
1781585598 pass 0
1781585600 pass 158
1781585603 pass 0
1781585605 pass 156
1781585609 pass 0
1781585611 pass 149
1781585614 pass 0
1781585616 pass 153
1781585619 pass 0
1781585621 pass 160
1781585624 fail 000000 0
1781585626 fail 000 2022
1781585631 fail 000000 0
1781585633 fail 000 2026
1781585638 fail 000000 0
1781585640 fail 000 2006
1781585645 pass 0
1781585647 pass 147
1781585650 pass 0
1781585652 pass 146
1781585655 pass 0
1781585657 pass 162
1781585661 pass 0
1781585663 pass 155
1781585666 pass 0
1781585668 pass 168
1781585671 pass 0
1781585673 pass 156
1781585676 pass 0
1781585678 pass 156
1781585681 pass 0
1781585683 pass 155
1781585686 pass 0
1781585688 pass 163
1781585692 pass 0
1781585694 pass 145
1781585697 pass 0
1781585699 pass 151
1781585702 pass 0
1781585704 pass 170
1781585707 pass 0
1781585709 pass 159
1781585712 pass 0
1781585714 pass 156
1781585717 pass 0
1781585719 pass 155
1781585723 pass 0
1781585724 pass 155
1781585728 pass 0
1781585730 pass 149
1781585733 pass 0
1781585735 pass 159
1781585738 pass 0
1781585740 pass 165
1781585743 pass 0
1781585745 pass 154
1781585748 pass 0
1781585750 pass 161
1781585754 pass 0
1781585755 pass 153
1781585759 pass 0
1781585761 pass 148
1781585764 pass 0
1781585766 pass 155
1781585769 pass 0
1781585771 pass 158
1781585774 pass 0
1781585776 pass 159
1781585779 pass 0
1781585781 pass 171
1781585785 pass 0
1781585786 pass 159
1781585790 pass 0
1781585792 pass 169
1781585795 pass 0
1781585797 pass 165
1781585800 pass 0
1781585802 pass 160
1781585805 pass 0
1781585807 pass 154
1781585810 pass 0
1781585812 pass 170
1781585816 pass 0
1781585817 pass 145
1781585821 pass 0
1781585822 pass 149
1781585826 pass 0
1781585828 pass 157
1781585831 pass 0
1781585833 pass 174
1781585836 pass 0
1781585838 pass 159
1781585841 pass 0
1781585843 pass 146
1781585847 pass 0
1781585848 pass 145
1781585852 pass 0
1781585853 pass 146
1781585857 pass 0
1781585859 pass 161
1781585862 pass 0
1781585864 pass 157
1781585867 pass 0
1781585869 pass 157
1781585872 pass 0
1781585874 pass 147
1781585878 pass 0
1781585879 pass 144
1781585883 pass 0
1781585884 pass 147
1781585888 pass 0
1781585889 pass 145
1781585893 pass 0
1781585895 pass 157
1781585898 pass 0
1781585900 pass 152
1781585903 pass 0
1781585905 pass 158
1781585909 pass 0
1781585910 pass 166
1781585914 pass 0
1781585915 pass 165
1781585919 pass 0
1781585920 pass 145
1781585924 pass 0
1781585926 pass 155
1781585929 pass 0
1781585931 pass 155
1781585934 pass 0
1781585936 pass 155
1781585940 pass 0
1781585941 pass 146
1781585945 pass 0
1781585946 pass 163
1781585950 pass 0
1781585951 pass 172
1781585955 pass 0
1781585957 pass 162
1781585960 pass 0
1781585962 pass 163
1781585965 pass 0
1781585967 pass 159
1781585971 pass 0
1781585972 pass 179
1781585976 pass 0
1781585977 pass 160
1781585981 pass 0
1781585982 pass 160
1781585986 pass 0
1781585988 pass 178
1781585991 pass 0
1781585993 pass 166
1781585996 pass 0
1781585998 pass 183
1781586002 pass 0
1781586003 pass 152
1781586007 pass 0
1781586008 pass 153
1781586012 pass 0
1781586013 pass 181
1781586017 pass 0
1781586019 pass 184
1781586022 pass 0
1781586024 pass 155
1781586027 pass 0
1781586029 pass 159
1781586033 pass 0
1781586034 pass 184
1781586038 pass 0
1781586039 pass 163
1781586043 pass 0
1781586044 pass 159
1781586048 pass 0
1781586050 pass 161
1781586053 pass 0
1781586055 pass 154
1781586058 pass 0
1781586060 pass 152
1781586064 pass 0
1781586065 pass 158
1781586069 pass 0
1781586070 pass 167
1781586074 pass 0
1781586075 pass 171
1781586079 pass 0
1781586081 pass 157
1781586084 pass 0
1781586086 pass 146
1781586089 pass 0
1781586091 pass 157
1781586095 pass 0
1781586096 pass 148
1781586100 pass 0
1781586101 pass 155
1781586105 pass 0
1781586106 pass 144
1781586110 pass 0
1781586111 pass 148
1781586115 pass 0
1781586117 pass 157
1781586120 pass 0
1781586122 pass 156
1781586126 pass 0
1781586127 pass 160
1781586131 pass 0
1781586132 pass 151
1781586136 pass 0
1781586137 pass 158
1781586141 pass 0
1781586142 pass 169
1781586146 pass 0
1781586148 pass 164
1781586151 pass 0
1781586153 pass 160
1781586157 pass 0
1781586158 pass 148
1781586162 pass 0
1781586163 pass 171
1781586167 pass 0
1781586168 pass 147
1781586172 pass 0
1781586173 pass 156
1781586177 pass 0
1781586179 pass 146
1781586182 pass 0
1781586184 pass 156
1781586188 pass 0
1781586189 pass 160
1781586193 pass 0
1781586194 pass 148
1781586198 pass 0
1781586199 pass 148
1781586203 pass 0
1781586204 pass 151
1781586208 pass 0
1781586209 pass 173
1781586213 pass 0
1781586215 pass 168
1781586219 pass 0
1781586220 pass 151
1781586224 pass 0
1781586225 pass 162
1781586229 pass 0
1781586230 pass 146
1781586234 pass 0
1781586235 pass 157
1781586239 pass 0
1781586240 pass 169
1781586244 pass 0
1781586246 pass 171
1781586250 pass 0
1781586251 pass 179
1781586255 pass 0
1781586256 pass 169
1781586260 pass 0
1781586261 pass 147
1781586265 pass 0
1781586266 pass 162
1781586270 pass 0
1781586271 pass 147
1781586275 pass 0
1781586277 pass 167
1781586281 pass 0
1781586282 pass 159
1781586286 pass 0
1781586287 pass 160
1781586291 pass 0
1781586292 pass 154
1781586296 pass 0
1781586297 pass 170
1781586301 pass 0
1781586302 pass 154
1781586307 pass 0
1781586308 pass 147
1781586312 pass 0
1781586313 pass 149
1781586317 pass 0
1781586318 pass 165
1781586322 pass 0
1781586323 pass 149
1781586327 pass 0
1781586328 pass 168
1781586332 pass 0
1781586333 pass 163
1781586338 pass 0
1781586338 pass 150
1781586343 pass 0
1781586344 pass 169
1781586348 pass 0
1781586349 pass 149
1781586353 pass 0
1781586354 pass 161
1781586358 pass 0
1781586359 pass 159
1781586363 pass 0
1781586364 pass 169
1781586369 pass 0
1781586369 pass 149
1781586374 pass 0
1781586375 pass 147
1781586379 pass 0
1781586380 pass 148
1781586384 pass 0
1781586385 pass 147
1781586389 pass 0
1781586390 pass 169
1781586394 pass 0
1781586395 pass 167
1781586400 pass 0
1781586400 pass 165
1781586405 pass 0
1781586406 pass 157
1781586410 pass 0
1781586411 pass 162
1781586415 pass 0
1781586416 pass 158
1781586420 pass 0
1781586421 pass 155
1781586425 pass 0
1781586426 pass 167
1781586431 pass 0
1781586431 pass 148
1781586436 pass 0
1781586436 pass 148
1781586441 pass 0
1781586442 pass 169
1781586446 pass 0
1781586447 pass 167
1781586451 pass 0
1781586452 pass 147
1781586456 pass 0
1781586457 pass 161
1781586462 pass 0
1781586462 pass 167
1781586467 pass 0
1781586467 pass 164
1781586472 pass 0
1781586473 pass 169
1781586477 pass 0
1781586478 pass 171
1781586482 pass 0
1781586483 pass 147
1781586487 pass 0
1781586488 pass 149
1781586493 pass 0
1781586493 pass 151
1781586498 pass 0
1781586498 pass 177
1781586503 pass 0
1781586504 pass 165
1781586508 pass 0
1781586509 pass 150
1781586513 pass 0
1781586514 pass 168
1781586519 pass 0
1781586519 pass 164
1781586524 pass 0
1781586524 pass 149
1781586529 pass 0
1781586529 pass 165
1781586534 pass 0
1781586535 pass 169
1781586539 pass 0
1781586540 pass 166
1781586544 pass 0
1781586545 pass 167
1781586550 pass 0
1781586550 pass 177
1781586555 pass 0
1781586555 pass 170
1781586560 pass 0
1781586560 pass 173
1781586565 pass 0
1781586566 pass 163
1781586570 pass 0
1781586571 pass 163
1781586575 pass 0
1781586576 pass 150
1781586581 pass 0
1781586581 pass 165
1781586586 pass 0
1781586586 pass 160
1781586591 pass 0
1781586591 pass 177
1781586596 pass 0
1781586597 pass 174
1781586601 pass 0
1781586602 pass 160
1781586606 pass 0
1781586607 pass 154
1781586612 pass 0
1781586612 pass 169
1781586617 pass 0
1781586617 pass 173
1781586622 pass 0
1781586622 pass 151
1781586627 pass 0
1781586628 pass 163
1781586632 pass 0
1781586633 pass 167
1781586637 pass 0
1781586638 pass 168
1781586643 pass 0
1781586643 pass 162
1781586648 pass 0
1781586648 pass 149
1781586653 pass 0
1781586653 pass 147
1781586658 pass 0
1781586659 pass 164
1781586663 pass 0
1781586664 pass 166
1781586668 pass 0
1781586669 pass 174
1781586674 pass 0
1781586674 pass 160
1781586679 pass 0
1781586679 pass 170
1781586684 pass 0
1781586684 pass 165
1781586689 pass 0
1781586690 pass 162
1781586694 pass 0
1781586695 pass 151
1781586699 pass 0
1781586700 pass 175
1781586705 pass 0
1781586705 pass 152
1781586710 pass 0
1781586710 pass 152
1781586715 pass 0
1781586715 pass 149
1781586720 pass 0
1781586720 pass 151
1781586725 pass 0
1781586726 pass 163
1781586731 pass 0
1781586731 pass 151
1781586736 pass 0
1781586736 pass 149
1781586741 pass 0
1781586741 pass 166
1781586746 pass 0
1781586746 pass 162
1781586751 pass 0
1781586751 pass 157
1781586756 pass 0
1781586757 pass 166
1781586761 pass 0
1781586762 pass 155
1781586767 pass 0
1781586767 pass 167
1781586772 pass 0
1781586772 pass 165
1781586777 pass 0
1781586777 pass 155
1781586782 pass 0
1781586782 pass 159
1781586787 pass 0
1781586788 pass 147
1781586792 pass 0
1781586793 pass 167
1781586798 pass 0
1781586798 pass 169
1781586803 pass 0
1781586803 pass 162
1781586808 pass 0
1781586808 pass 148
1781586813 pass 0
1781586813 pass 156
1781586818 pass 0
1781586819 pass 165
1781586823 pass 0
1781586824 pass 161
1781586828 pass 0
1781586829 pass 154
1781586834 pass 0
1781586834 pass 154
1781586839 pass 0
1781586839 pass 160
1781586844 pass 0
1781586844 pass 162
1781586849 pass 0
1781586849 pass 168
1781586854 pass 0
1781586855 pass 146
1781586859 pass 0
1781586860 pass 162
1781586865 pass 0
1781586865 pass 160
1781586870 pass 0
1781586870 pass 155
1781586875 pass 0
1781586875 pass 146
1781586880 pass 0
1781586880 pass 173
1781586885 pass 0
1781586886 pass 145
1781586890 pass 0
1781586891 pass 159
1781586896 pass 0
1781586896 pass 165
1781586901 pass 0
1781586901 pass 159
1781586906 pass 0
1781586906 pass 160
1781586911 pass 0
1781586911 pass 163
1781586916 pass 0
1781586917 pass 152
1781586921 pass 0
1781586922 pass 170
1781586927 pass 0
1781586927 pass 169
1781586932 pass 0
1781586932 pass 169
1781586937 pass 0
1781586937 pass 146
1781586942 pass 0
1781586942 pass 165
1781586947 pass 0
1781586948 pass 160
1781586953 pass 0
1781586953 pass 160
1781586958 pass 0
1781586958 pass 155
1781586963 pass 0
1781586963 pass 150
1781586968 pass 0
1781586968 pass 160
1781586973 pass 0
1781586973 pass 159
1781586978 pass 0
1781586978 pass 148
1781586984 pass 0
1781586984 pass 162
1781586989 pass 0
1781586994 pass 0
1781586999 pass 0
1781587004 pass 0
1781587009 pass 0
1781587014 pass 0
1781587020 pass 0
1781587025 pass 0
1781587030 pass 0
1781587035 pass 0
1781587040 pass 0
1781587045 pass 0
1781587051 pass 0
1781587056 pass 0
1781587061 pass 0
1781587066 pass 0
1781587071 pass 0
1781587076 pass 0
1781587081 pass 0
1781587087 pass 0
1781587092 pass 0
1781587097 pass 0
1781587102 pass 0
1781587107 pass 0
1781587112 pass 0
1781587117 pass 0
1781587123 pass 0
1781587128 pass 0
1781587133 pass 0
1781587138 pass 0
1781587143 pass 0
1781587148 pass 0
1781587154 pass 0
1781587159 pass 0
1781587164 pass 0
1781587169 pass 0
1781587174 pass 0
1781587179 pass 0
1781587185 pass 0
1781587190 pass 0
1781587195 pass 0
1781587200 pass 0
1781587205 pass 0
1781587210 pass 0
1781587215 pass 0
1781587221 pass 0
1781587226 pass 0
1781587231 pass 0
1781587236 pass 0
1781587241 pass 0
1781587246 pass 0
1781587252 pass 0
1781587257 pass 0
1781587262 pass 0
1781587267 pass 0
1781587272 pass 0
1781587277 pass 0
1781587282 pass 0
1781587288 pass 0
1781587293 pass 0
1781587298 pass 0
1781587303 pass 0
1781587308 pass 0
1781587313 pass 0
1781587319 pass 0
1781587324 pass 0
1781587329 pass 0
1781587334 pass 0
1781587339 pass 0
1781587344 pass 0
1781587349 pass 0
1781587355 pass 0
1781587360 pass 0
1781587365 pass 0
1781587370 pass 0
1781587375 pass 0
1781587380 pass 0
1781587386 pass 0
1781587391 pass 0
1781587396 pass 0
1781587401 pass 0
1781587406 pass 0
1781587411 pass 0
1781587416 pass 0
1781587422 pass 0
1781587427 pass 0
1781587432 pass 0
1781587437 pass 0
1781587442 pass 0
1781587447 pass 0
1781587452 pass 0
1781587458 pass 0
1781587463 pass 0
1781587468 pass 0
1781587473 pass 0
1781587478 pass 0
1781587483 pass 0
1781587489 pass 0
1781587494 pass 0
1781587499 pass 0
1781587504 pass 0
1781587509 pass 0
1781587514 pass 0
1781587519 pass 0
1781587525 pass 0
1781587530 pass 0
1781587535 pass 0
1781587540 pass 0
1781587545 pass 0
1781587550 pass 0
1781587556 pass 0
1781587561 pass 0
1781587566 pass 0
1781587571 pass 0
1781587576 pass 0
1781587581 pass 0
1781587587 pass 0
1781587592 pass 0
1781587597 pass 0
1781587602 pass 0
1781587607 pass 0
1781587612 pass 0
1781587617 pass 0
1781587623 pass 0
1781587628 pass 0
1781587633 pass 0
1781587638 pass 0
1781587643 pass 0
1781587648 pass 0
1781587654 pass 0
1781587659 pass 0
1781587664 pass 0
1781587669 pass 0
1781587674 pass 0
1781587679 pass 0
1781587685 pass 0
1781587690 pass 0
1781587695 pass 0
1781587700 pass 0
1781587705 pass 0
1781587710 pass 0
1781587716 pass 0
1781587721 pass 0
1781587726 pass 0
1781587731 pass 0
1781587736 pass 0
1781587741 pass 0
1781587747 pass 0
1781587752 pass 0
1781587757 pass 0
1781587762 pass 0
1781587767 pass 0
1781587772 pass 0
1781587777 pass 0
1781587783 pass 0
1781587788 pass 0
1781587793 pass 0
1781587798 pass 0
1781587803 pass 0
1781587808 pass 0
1781587814 pass 0
1781587819 pass 0
1781587824 pass 0
1781587829 pass 0
1781587834 pass 0
1781587839 pass 0
1781587845 pass 0
1781587850 pass 0
1781587855 pass 0
1781587860 pass 0
1781587865 pass 0
1781587870 pass 0
1781587875 pass 0
1781587881 pass 0
1781587886 pass 0
1781587891 pass 0
1781587896 pass 0
1781587901 pass 0
1781587906 pass 0
1781587911 pass 0
1781587917 pass 0
1781587922 pass 0
1781587927 pass 0
1781587932 pass 0
1781587937 pass 0
1781587942 pass 0
1781587948 pass 0
1781587953 pass 0
1781587958 pass 0
1781587963 pass 0
1781587968 pass 0
1781587973 pass 0
1781587978 pass 0
1781587984 pass 0
1781587989 pass 0
1781587994 pass 0
1781587999 pass 0
1781588004 pass 0
1781588009 pass 0
1781588014 pass 0
1781588020 pass 0
1781588025 pass 0
1781588030 pass 0
1781588035 pass 0
1781588040 pass 0
1781588045 pass 0
1781588051 pass 0
1781588056 pass 0
1781588061 pass 0
1781588066 pass 0
1781588071 pass 0
1781588076 pass 0
1781588081 pass 0
1781588087 pass 0
1781588092 pass 0
1781588097 pass 0
1781588102 pass 0
1781588107 pass 0
1781588112 pass 0
1781588117 pass 0
1781588123 pass 0
1781588128 pass 0
1781588133 pass 0
1781588138 pass 0
1781588143 pass 0
1781588148 pass 0
1781588154 pass 0
1781588159 pass 0
1781588164 pass 0
1781588169 pass 0
1781588174 pass 0
1781588179 pass 0
1781588185 pass 0
1781588190 pass 0
1781588195 pass 0
1781588200 pass 0
1781588205 pass 0
1781588210 pass 0
1781588215 pass 0
1781588221 pass 0
1781588226 pass 0
1781588231 pass 0
1781588236 pass 0
1781588241 pass 0
1781588246 pass 0
1781588252 pass 0
1781588257 pass 0
1781588262 pass 0
1781588267 pass 0
1781588272 pass 0
1781588277 pass 0
1781588283 pass 0
1781588288 pass 0
1781588293 pass 0
1781588298 pass 0
1781588303 pass 0
1781588308 pass 0
1781588314 pass 0
1781588319 pass 0
1781588324 pass 0
1781588329 pass 0
1781588334 pass 0
1781588339 pass 0
1781588344 pass 0
1781588350 pass 0
1781588355 pass 0
1781588360 pass 0
1781588365 pass 0
1781588370 pass 0
1781588375 pass 0
1781588381 pass 0
1781588386 pass 0
1781588391 pass 0
1781588396 pass 0
1781588401 pass 0
1781588406 pass 0
1781588412 pass 0
1781588417 pass 0
1781588422 pass 0
1781588427 pass 0
1781588432 pass 0
1781588437 pass 0
1781588442 pass 0
1781588448 pass 0
1781588453 pass 0
1781588458 pass 0
1781588463 pass 0
1781588468 pass 0
1781588473 pass 0
1781588479 pass 0
1781588484 pass 0
1781588489 pass 0
1781588494 pass 0
1781588499 pass 0
1781588504 pass 0
1781588510 pass 0
1781588515 pass 0
1781588520 pass 0
1781588525 pass 0
1781588530 pass 0
1781588535 pass 0
1781588540 pass 0
1781588546 pass 0
1781588551 pass 0
1781588556 pass 0
1781588561 pass 0
1781588566 pass 0
1781588571 pass 0
1781588577 pass 0
1781588582 pass 0
1781588587 pass 0
1781588592 pass 0
1781588597 pass 0
1781588602 pass 0
1781588607 pass 0
1781588613 pass 0
1781588618 pass 0
1781588623 pass 0
1781588628 pass 0
1781588633 pass 0
1781588638 pass 0
1781588644 pass 0
1781588649 pass 0
1781588654 pass 0
1781588659 pass 0
1781588664 pass 0
1781588669 pass 0
1781588675 pass 0
1781588680 pass 0
1781588685 pass 0
1781588690 pass 0
1781588695 pass 0
1781588700 pass 0
1781588705 pass 0
1781588711 pass 0
1781588716 pass 0
1781588721 pass 0
1781588726 pass 0
1781588731 pass 0
1781588736 pass 0
1781588742 pass 0
1781593296 pass 0
1781593302 pass 0
1781593307 pass 0
1781593312 pass 0
1781593318 pass 0
1781593323 pass 0
1781593328 pass 0
1781593333 pass 0
1781593338 pass 0
1781593344 pass 0
1781593349 pass 0
1781593354 pass 0
1781593359 pass 0
1781593365 pass 0
1781593370 pass 0
1781593375 pass 0
1781593381 pass 0
1781593386 fail 503 0
